<?xml version="1.0" encoding="UTF-8"?>
<testng-results skipped="0" failed="0" ignored="4" total="5" passed="1">
  <reporter-output>
  </reporter-output>
  <suite name="Default suite" duration-ms="7156" started-at="2019-02-06T01:39:44Z" finished-at="2019-02-06T01:39:51Z">
    <groups>
    </groups>
    <test name="Default test" duration-ms="7156" started-at="2019-02-06T01:39:44Z" finished-at="2019-02-06T01:39:51Z">
      <class name="com.test.SmokeTest">
        <test-method status="PASS" signature="test34()[pri:0, instance:com.test.SmokeTest@77ec78b9]" name="test34" duration-ms="7136" started-at="2019-02-06T01:39:44Z" finished-at="2019-02-06T01:39:51Z">
          <reporter-output>
          </reporter-output>
        </test-method> <!-- test34 -->
      </class> <!-- com.test.SmokeTest -->
    </test> <!-- Default test -->
  </suite> <!-- Default suite -->
</testng-results>
