<?xml version="1.0" encoding="UTF-8"?>
<!-- Generated by org.testng.reporters.JUnitXMLReporter -->
<testsuite hostname="bittechs-imac-3.lan" ignored="4" name="Default test" tests="1" failures="0" timestamp="06 Feb 2019 01:39:51 GMT" time="7.156" errors="0">
  <testcase name="test34" time="7.136" classname="com.test.SmokeTest"/>
  <testcase name="loginValidation" time="0.0" classname="com.test.SmokeTest">
    <ignored/>
  </testcase> <!-- loginValidation -->
  <testcase name="test1" time="0.0" classname="com.test.SmokeTest">
    <ignored/>
  </testcase> <!-- test1 -->
  <testcase name="test3" time="0.0" classname="com.test.SmokeTest">
    <ignored/>
  </testcase> <!-- test3 -->
  <testcase name="test13" time="0.0" classname="com.test.SmokeTest">
    <ignored/>
  </testcase> <!-- test13 -->
</testsuite> <!-- Default test -->
